<?xml version="1.0" encoding="UTF-8"?>
<!-- Generated by org.testng.reporters.JUnitReportReporter -->
<testsuite hostname="DESKTOP-OU50UTA" failures="0" tests="3" name="com.framework.qa.testcases.LoginPageTest" time="108.250" errors="0" timestamp="7 Dec 2020 01:42:53 GMT">
  <testcase classname="com.framework.qa.testcases.LoginPageTest" name="crmLogoTest" time="24.761"/>
  <testcase classname="com.framework.qa.testcases.LoginPageTest" name="loginTest" time="63.060"/>
  <testcase classname="com.framework.qa.testcases.LoginPageTest" name="loginPageTitleTest" time="20.429"/>
</testsuite> <!-- com.framework.qa.testcases.LoginPageTest -->
