<?xml version="1.0" encoding="UTF-8"?>
<!-- Generated by org.testng.reporters.JUnitReportReporter -->
<testsuite hostname="DESKTOP-OU50UTA" failures="0" tests="3" name="com.framework.qa.testcases.LoginPageTest" time="86.652" errors="0" timestamp="29 Sep 2020 17:17:14 GMT" skipped="0">
  <testcase classname="com.framework.qa.testcases.LoginPageTest" name="loginTest" time="29.638"/>
  <testcase classname="com.framework.qa.testcases.LoginPageTest" name="loginPageTitleTest" time="37.668"/>
  <testcase classname="com.framework.qa.testcases.LoginPageTest" name="crmLogoTest" time="19.346"/>
</testsuite> <!-- com.framework.qa.testcases.LoginPageTest -->
