<?xml version="1.0" encoding="UTF-8"?>
<!-- Generated by org.testng.reporters.JUnitReportReporter -->
<testsuite hostname="DESKTOP-OU50UTA" failures="0" tests="7" name="com.framework.qa.testcases.ContactsPageTest" time="17.713" errors="1" timestamp="06 Dec 2020 03:52:08 GMT" skipped="6">
  <testcase classname="com.framework.qa.testcases.ContactsPageTest" name="setUp" time="17.713">
    <error message="Expecting a stackmap frame at branch target 81
Exception Details:
  Location:
    com/framework/qa/pages/LoginPage.login(Ljava/lang/String;Ljava/lang/String;)Lcom/framework/qa/pages/HomePage; @19: invokestatic
  Reason:
    Expected stackmap frame at this location.
  Bytecode:
    0000000: 2b3a 042c 3a05 b200 742a 2a19 0419 05b8
    0000010: 0077 4eb8 0063 2db6 0067 2ab4 003e 04bd
    0000020: 0040 5903 2b53 b900 4202 002a b400 4604
    0000030: bd00 4059 032c 53b9 0042 0200 2ab4 0048
    0000040: b900 4a01 00bb 004d 59b7 004f 3a07 a700
    0000050: 103a 06b8 0063 1906 b600 6b19 06bf b800
    0000060: 63b6 006e 1907 b0                      
  Exception Handler Table:
    bci [19, 81] =&gt; handler: 81
" type="java.lang.VerifyError">
      <![CDATA[java.lang.VerifyError: Expecting a stackmap frame at branch target 81
Exception Details:
  Location:
    com/framework/qa/pages/LoginPage.login(Ljava/lang/String;Ljava/lang/String;)Lcom/framework/qa/pages/HomePage; @19: invokestatic
  Reason:
    Expected stackmap frame at this location.
  Bytecode:
    0000000: 2b3a 042c 3a05 b200 742a 2a19 0419 05b8
    0000010: 0077 4eb8 0063 2db6 0067 2ab4 003e 04bd
    0000020: 0040 5903 2b53 b900 4202 002a b400 4604
    0000030: bd00 4059 032c 53b9 0042 0200 2ab4 0048
    0000040: b900 4a01 00bb 004d 59b7 004f 3a07 a700
    0000050: 103a 06b8 0063 1906 b600 6b19 06bf b800
    0000060: 63b6 006e 1907 b0                      
  Exception Handler Table:
    bci [19, 81] => handler: 81

at com.framework.qa.testcases.ContactsPageTest.setUp(ContactsPageTest.java:33)
at java.base/jdk.internal.reflect.NativeMethodAccessorImpl.invoke0(Native Method)
at java.base/jdk.internal.reflect.NativeMethodAccessorImpl.invoke(NativeMethodAccessorImpl.java:62)
at java.base/jdk.internal.reflect.DelegatingMethodAccessorImpl.invoke(DelegatingMethodAccessorImpl.java:43)
at java.base/java.lang.reflect.Method.invoke(Method.java:566)
at org.testng.internal.MethodInvocationHelper.invokeMethod(MethodInvocationHelper.java:124)
at org.testng.internal.MethodInvocationHelper.invokeMethodConsideringTimeout(MethodInvocationHelper.java:59)
at org.testng.internal.Invoker.invokeConfigurationMethod(Invoker.java:458)
at org.testng.internal.Invoker.invokeConfigurations(Invoker.java:222)
at org.testng.internal.Invoker.invokeMethod(Invoker.java:523)
at org.testng.internal.Invoker.invokeTestMethod(Invoker.java:719)
at org.testng.internal.Invoker.invokeTestMethods(Invoker.java:989)
at org.testng.internal.TestMethodWorker.invokeTestMethods(TestMethodWorker.java:125)
at org.testng.internal.TestMethodWorker.run(TestMethodWorker.java:109)
at org.testng.TestRunner.privateRun(TestRunner.java:648)
at org.testng.TestRunner.run(TestRunner.java:505)
at org.testng.SuiteRunner.runTest(SuiteRunner.java:455)
at org.testng.SuiteRunner.runSequentially(SuiteRunner.java:450)
at org.testng.SuiteRunner.privateRun(SuiteRunner.java:415)
at org.testng.SuiteRunner.run(SuiteRunner.java:364)
at org.testng.SuiteRunnerWorker.runSuite(SuiteRunnerWorker.java:52)
at org.testng.SuiteRunnerWorker.run(SuiteRunnerWorker.java:84)
at org.testng.TestNG.runSuitesSequentially(TestNG.java:1208)
at org.testng.TestNG.runSuitesLocally(TestNG.java:1137)
at org.testng.TestNG.runSuites(TestNG.java:1049)
at org.testng.TestNG.run(TestNG.java:1017)
at org.testng.remote.AbstractRemoteTestNG.run(AbstractRemoteTestNG.java:115)
at org.testng.remote.RemoteTestNG.initAndRun(RemoteTestNG.java:251)
at org.testng.remote.RemoteTestNG.main(RemoteTestNG.java:77)
]]>
    </error>
  </testcase> <!-- setUp -->
  <testcase classname="com.framework.qa.testcases.ContactsPageTest" name="validateCreateNewContactTest" time="0.000">
    <skipped/>
  </testcase> <!-- validateCreateNewContactTest -->
  <testcase classname="com.framework.qa.testcases.ContactsPageTest" name="validateCreateNewContactTest" time="0.000">
    <skipped/>
  </testcase> <!-- validateCreateNewContactTest -->
  <testcase classname="com.framework.qa.testcases.ContactsPageTest" name="validateCreateNewContactTest" time="0.000">
    <skipped/>
  </testcase> <!-- validateCreateNewContactTest -->
  <testcase classname="com.framework.qa.testcases.ContactsPageTest" name="selectMultipleContactsByNameTest">
    <skipped/>
  </testcase> <!-- selectMultipleContactsByNameTest -->
  <testcase classname="com.framework.qa.testcases.ContactsPageTest" name="selectContactByNameTest">
    <skipped/>
  </testcase> <!-- selectContactByNameTest -->
  <testcase classname="com.framework.qa.testcases.ContactsPageTest" name="verifyContactsLabelTest">
    <skipped/>
  </testcase> <!-- verifyContactsLabelTest -->
</testsuite> <!-- com.framework.qa.testcases.ContactsPageTest -->
