<?xml version="1.0" encoding="UTF-8"?>
<!-- Generated by org.testng.reporters.JUnitReportReporter -->
<testsuite hostname="DESKTOP-OU50UTA" failures="0" tests="4" name="com.framework.qa.testcases.LoginPageTest" time="104.833" errors="0" timestamp="04 Oct 2020 16:47:20 GMT" skipped="0">
  <testcase classname="com.framework.qa.testcases.LoginPageTest" name="loginDemo" time="18.965"/>
  <testcase classname="com.framework.qa.testcases.LoginPageTest" name="loginPageTitleTest" time="19.150"/>
  <testcase classname="com.framework.qa.testcases.LoginPageTest" name="crmLogoTest" time="27.765"/>
  <testcase classname="com.framework.qa.testcases.LoginPageTest" name="loginTest" time="38.953"/>
</testsuite> <!-- com.framework.qa.testcases.LoginPageTest -->
