<?xml version="1.0" encoding="UTF-8"?>
<!-- Generated by org.testng.reporters.JUnitReportReporter -->
<testsuite hostname="DESKTOP-OU50UTA" failures="0" tests="3" name="com.framework.qa.testcases.LoginPageTest" time="44.903" errors="0" timestamp="29 Sep 2020 18:13:46 GMT" skipped="0">
  <testcase classname="com.framework.qa.testcases.LoginPageTest" name="loginPageTitleTest" time="19.711"/>
  <testcase classname="com.framework.qa.testcases.LoginPageTest" name="loginTest" time="16.217"/>
  <testcase classname="com.framework.qa.testcases.LoginPageTest" name="crmLogoTest" time="8.975"/>
</testsuite> <!-- com.framework.qa.testcases.LoginPageTest -->
